android/capacitor-cordova-android-plugins/build/outputs/logs/manifest-merger-debug-report.txt
-- Merging decision tree log ---
manifest
ADDED from src\main\AndroidManifest.xml:2:1-16:12
INJECTED from src\main\AndroidManifest.xml:2:1-16:12
INJECTED from src\main\AndroidManifest.xml:2:1-16:12
INJECTED from src\main\AndroidManifest.xml:2:1-16:12
INJECTED from src\main\AndroidManifest.xml:2:1-16:12
INJECTED from src\main\AndroidManifest.xml:2:1-16:12
INJECTED from src\main\AndroidManifest.xml:2:1-16:12
	xmlns:amazon
		ADDED from src\main\AndroidManifest.xml:4:1-57
	package
		ADDED from src\main\AndroidManifest.xml:2:11-46
		INJECTED from src\main\AndroidManifest.xml
		INJECTED from src\main\AndroidManifest.xml
	android:versionName
		INJECTED from src\main\AndroidManifest.xml
		ADDED from src\main\AndroidManifest.xml:2:1-16:12
		INJECTED from src\main\AndroidManifest.xml
	android:versionCode
		INJECTED from src\main\AndroidManifest.xml
		ADDED from src\main\AndroidManifest.xml:2:1-16:12
		INJECTED from src\main\AndroidManifest.xml
	xmlns:android
		ADDED from src\main\AndroidManifest.xml:3:1-59
application
ADDED from src\main\AndroidManifest.xml:5:1-9:15
provider#de.appplant.cordova.emailcomposer.Provider
ADDED from src\main\AndroidManifest.xml:6:1-8:12
	android:grantUriPermissions
		ADDED from src\main\AndroidManifest.xml:6:156-190
	android:authorities
		ADDED from src\main\AndroidManifest.xml:6:69-130
	android:exported
		ADDED from src\main\AndroidManifest.xml:6:131-155
	android:name
		ADDED from src\main\AndroidManifest.xml:6:11-68
meta-data#android.support.FILE_PROVIDER_PATHS
ADDED from src\main\AndroidManifest.xml:7:3-119
	android:resource
		ADDED from src\main\AndroidManifest.xml:7:65-117
	android:name
		ADDED from src\main\AndroidManifest.xml:7:14-64
uses-permission#android.permission.CALL_PHONE
ADDED from src\main\AndroidManifest.xml:10:1-64
	android:name
		ADDED from src\main\AndroidManifest.xml:10:18-62
uses-feature#android.hardware.telephony
ADDED from src\main\AndroidManifest.xml:11:1-83
	android:required
		ADDED from src\main\AndroidManifest.xml:11:57-81
	android:name
		ADDED from src\main\AndroidManifest.xml:11:15-56
uses-permission#android.permission.READ_CONTACTS
ADDED from src\main\AndroidManifest.xml:12:1-67
	android:name
		ADDED from src\main\AndroidManifest.xml:12:18-65
uses-permission#android.permission.WRITE_CONTACTS
ADDED from src\main\AndroidManifest.xml:13:1-68
	android:name
		ADDED from src\main\AndroidManifest.xml:13:18-66
uses-permission#android.permission.GET_ACCOUNTS
ADDED from src\main\AndroidManifest.xml:14:1-66
	android:name
		ADDED from src\main\AndroidManifest.xml:14:18-64
uses-permission#android.permission.WRITE_EXTERNAL_STORAGE
ADDED from src\main\AndroidManifest.xml:15:1-76
	android:name
		ADDED from src\main\AndroidManifest.xml:15:18-74
uses-sdk
INJECTED from src\main\AndroidManifest.xml reason: use-sdk injection requested
INJECTED from src\main\AndroidManifest.xml
INJECTED from src\main\AndroidManifest.xml
INJECTED from src\main\AndroidManifest.xml
INJECTED from src\main\AndroidManifest.xml
	android:targetSdkVersion
		INJECTED from src\main\AndroidManifest.xml
		ADDED from src\main\AndroidManifest.xml
		INJECTED from src\main\AndroidManifest.xml
	android:minSdkVersion
		INJECTED from src\main\AndroidManifest.xml
		ADDED from src\main\AndroidManifest.xml
		INJECTED from src\main\AndroidManifest.xml